<?xml version="1.0" encoding="UTF-8"?>
<testsuite xmlns:xsi="http://www.w3.org/2001/XMLSchema-instance" xsi:noNamespaceSchemaLocation="https://maven.apache.org/surefire/maven-surefire-plugin/xsd/surefire-test-report-3.0.xsd" version="3.0" name="TestRunner.UberTest" time="0.292" tests="3" errors="0" skipped="0" failures="0">
  <properties>
[...]
</properties>
  <testcase name="Booking Cab sedan" classname="Uber Booking feature" time="0.03">
    <system-out><![CDATA[
@All @Smoke
Scenario: Booking Cab sedan                                                            &amp#27;[90m# src/test/resources/AppFeatures/Uber.feature:5&amp#27;[0m
launch url
launch amazon application
Booking Cab sedan
step 1: sedan
  &amp#27;[32mGiven &amp#27;[0m&amp#27;[32mUser wants to select a car type &amp#27;[0m&amp#27;[32m&amp#27;[1m"sedan"&amp#27;[0m&amp#27;[32m from uber app&amp#27;[0m                          &amp#27;[90m# StepDefinitions.UberBookingSteps.user_wants_to_select_a_car_type_from_uber_app(java.lang.String)&amp#27;[0m
step 2 :  sedanJaffnaManipay
  &amp#27;[32mWhen &amp#27;[0m&amp#27;[32mUser selects car &amp#27;[0m&amp#27;[32m&amp#27;[1m"sedan"&amp#27;[0m&amp#27;[32m and pick up point &amp#27;[0m&amp#27;[32m&amp#27;[1m"Jaffna"&amp#27;[0m&amp#27;[32m and drop location &amp#27;[0m&amp#27;[32m&amp#27;[1m"Manipay"&amp#27;[0m &amp#27;[90m# StepDefinitions.UberBookingSteps.user_selects_car_and_pick_up_point_and_drop_location(java.lang.String,java.lang.String,java.lang.String)&amp#27;[0m
step 3
  &amp#27;[32mThen &amp#27;[0m&amp#27;[32mDriver starts the Journery&amp#27;[0m                                                      &amp#27;[90m# StepDefinitions.UberBookingSteps.driver_starts_the_journery()&amp#27;[0m
step 4 
  &amp#27;[32mAnd &amp#27;[0m&amp#27;[32mDriver ends the journey&amp#27;[0m                                                          &amp#27;[90m# StepDefinitions.UberBookingSteps.driver_ends_the_journey()&amp#27;[0m
step 5 :100
  &amp#27;[32mThen &amp#27;[0m&amp#27;[32muser pays &amp#27;[0m&amp#27;[32m&amp#27;[1m100&amp#27;[0m&amp#27;[32m USD&amp#27;[0m                                                               &amp#27;[90m# StepDefinitions.UberBookingSteps.user_pays_usd(java.lang.Integer)&amp#27;[0m
logout from the application
Booking Cab sedan
close the browserclose the bowser
]]></system-out>
  </testcase>
  <testcase name="Booking Cab BMW" classname="Uber Booking feature" time="0.009">
    <system-out><![CDATA[
@All @Regression
Scenario: Booking Cab BMW                                                            &amp#27;[90m# src/test/resources/AppFeatures/Uber.feature:13&amp#27;[0m
launch url
step 1: BMW
  &amp#27;[32mGiven &amp#27;[0m&amp#27;[32mUser wants to select a car type &amp#27;[0m&amp#27;[32m&amp#27;[1m"BMW"&amp#27;[0m&amp#27;[32m from uber app&amp#27;[0m                          &amp#27;[90m# StepDefinitions.UberBookingSteps.user_wants_to_select_a_car_type_from_uber_app(java.lang.String)&amp#27;[0m
step 2 :  BMWInuvilManipay
  &amp#27;[32mWhen &amp#27;[0m&amp#27;[32mUser selects car &amp#27;[0m&amp#27;[32m&amp#27;[1m"BMW"&amp#27;[0m&amp#27;[32m and pick up point &amp#27;[0m&amp#27;[32m&amp#27;[1m"Inuvil"&amp#27;[0m&amp#27;[32m and drop location &amp#27;[0m&amp#27;[32m&amp#27;[1m"Manipay"&amp#27;[0m &amp#27;[90m# StepDefinitions.UberBookingSteps.user_selects_car_and_pick_up_point_and_drop_location(java.lang.String,java.lang.String,java.lang.String)&amp#27;[0m
step 3
  &amp#27;[32mThen &amp#27;[0m&amp#27;[32mDriver starts the Journery&amp#27;[0m                                                    &amp#27;[90m# StepDefinitions.UberBookingSteps.driver_starts_the_journery()&amp#27;[0m
step 4 
  &amp#27;[32mAnd &amp#27;[0m&amp#27;[32mDriver ends the journey&amp#27;[0m                                                        &amp#27;[90m# StepDefinitions.UberBookingSteps.driver_ends_the_journey()&amp#27;[0m
step 5 :150
  &amp#27;[32mThen &amp#27;[0m&amp#27;[32muser pays &amp#27;[0m&amp#27;[32m&amp#27;[1m150&amp#27;[0m&amp#27;[32m USD&amp#27;[0m                                                             &amp#27;[90m# StepDefinitions.UberBookingSteps.user_pays_usd(java.lang.Integer)&amp#27;[0m
close the browserclose the bowser
]]></system-out>
  </testcase>
  <testcase name="Booking Cab Hybrid" classname="Uber Booking feature" time="0.009">
    <system-out><![CDATA[
@All @Prod
Scenario: Booking Cab Hybrid                                                            &amp#27;[90m# src/test/resources/AppFeatures/Uber.feature:21&amp#27;[0m
launch url
step 1: Hybrid
  &amp#27;[32mGiven &amp#27;[0m&amp#27;[32mUser wants to select a car type &amp#27;[0m&amp#27;[32m&amp#27;[1m"Hybrid"&amp#27;[0m&amp#27;[32m from uber app&amp#27;[0m                          &amp#27;[90m# StepDefinitions.UberBookingSteps.user_wants_to_select_a_car_type_from_uber_app(java.lang.String)&amp#27;[0m
step 2 :  HybriduduvilManipay
  &amp#27;[32mWhen &amp#27;[0m&amp#27;[32mUser selects car &amp#27;[0m&amp#27;[32m&amp#27;[1m"Hybrid"&amp#27;[0m&amp#27;[32m and pick up point &amp#27;[0m&amp#27;[32m&amp#27;[1m"uduvil"&amp#27;[0m&amp#27;[32m and drop location &amp#27;[0m&amp#27;[32m&amp#27;[1m"Manipay"&amp#27;[0m &amp#27;[90m# StepDefinitions.UberBookingSteps.user_selects_car_and_pick_up_point_and_drop_location(java.lang.String,java.lang.String,java.lang.String)&amp#27;[0m
step 3
  &amp#27;[32mThen &amp#27;[0m&amp#27;[32mDriver starts the Journery&amp#27;[0m                                                       &amp#27;[90m# StepDefinitions.UberBookingSteps.driver_starts_the_journery()&amp#27;[0m
step 4 
  &amp#27;[32mAnd &amp#27;[0m&amp#27;[32mDriver ends the journey&amp#27;[0m                                                           &amp#27;[90m# StepDefinitions.UberBookingSteps.driver_ends_the_journey()&amp#27;[0m
step 5 :150
  &amp#27;[32mThen &amp#27;[0m&amp#27;[32muser pays &amp#27;[0m&amp#27;[32m&amp#27;[1m150&amp#27;[0m&amp#27;[32m USD&amp#27;[0m                                                                &amp#27;[90m# StepDefinitions.UberBookingSteps.user_pays_usd(java.lang.Integer)&amp#27;[0m
close the browserclose the bowser
]]></system-out>
  </testcase>
</testsuite>