<?xml version="1.0" encoding="UTF-8"?>
<testsuite xmlns:xsi="http://www.w3.org/2001/XMLSchema-instance" xsi:noNamespaceSchemaLocation="https://maven.apache.org/surefire/maven-surefire-plugin/xsd/surefire-test-report-3.0.xsd" version="3.0" name="TestRunner.OrderTest" time="0.025" tests="3" errors="0" skipped="0" failures="0">
  <properties>
[...]
</properties>
  <testcase name="Check Previous Order details" classname="Amazon Order Page" time="0.01"/>
  <testcase name="Check Open Order details" classname="Amazon Order Page" time="0.006"/>
  <testcase name="Check CancelledOrder details" classname="Amazon Order Page" time="0.006"/>
</testsuite>